INFO 2023-07-22 16:24:44,731 MainThread 140404203558528 autoreload autoreload.py 266 django.utils.autoreload trigger_reload 363855 /var/www/html/serverHealthCheck/CheckupApp/views.py changed, reloading.
INFO 2023-07-22 16:24:45,321 MainThread 140040929502848 autoreload autoreload.py 668 django.utils.autoreload run_with_reloader 364671 Watching for file changes with StatReloader
INFO 2023-07-22 16:24:48,741 MainThread 140040929502848 autoreload autoreload.py 266 django.utils.autoreload trigger_reload 364671 /var/www/html/serverHealthCheck/CheckupApp/views.py changed, reloading.
INFO 2023-07-22 16:24:49,341 MainThread 140295436424832 autoreload autoreload.py 668 django.utils.autoreload run_with_reloader 364696 Watching for file changes with StatReloader
INFO 2023-07-22 16:24:50,817 MainThread 140295436424832 autoreload autoreload.py 266 django.utils.autoreload trigger_reload 364696 /var/www/html/serverHealthCheck/CheckupApp/views.py changed, reloading.
INFO 2023-07-22 16:24:51,481 MainThread 140099985516160 autoreload autoreload.py 668 django.utils.autoreload run_with_reloader 364713 Watching for file changes with StatReloader
INFO 2023-07-22 16:24:53,893 MainThread 140099985516160 autoreload autoreload.py 266 django.utils.autoreload trigger_reload 364713 /var/www/html/serverHealthCheck/CheckupApp/views.py changed, reloading.
INFO 2023-07-22 16:24:54,459 MainThread 140221779756672 autoreload autoreload.py 668 django.utils.autoreload run_with_reloader 364724 Watching for file changes with StatReloader
INFO 2023-07-22 16:25:01,935 MainThread 140221779756672 autoreload autoreload.py 266 django.utils.autoreload trigger_reload 364724 /var/www/html/serverHealthCheck/CheckupApp/views.py changed, reloading.
INFO 2023-07-22 16:25:02,807 MainThread 139639386416768 autoreload autoreload.py 668 django.utils.autoreload run_with_reloader 364777 Watching for file changes with StatReloader
INFO 2023-07-22 16:25:23,641 MainThread 139639386416768 autoreload autoreload.py 266 django.utils.autoreload trigger_reload 364777 /var/www/html/serverHealthCheck/CheckupApp/urls.py changed, reloading.
INFO 2023-07-22 16:25:24,225 MainThread 139643059902080 autoreload autoreload.py 668 django.utils.autoreload run_with_reloader 364845 Watching for file changes with StatReloader
INFO 2023-07-22 16:25:26,732 MainThread 139643059902080 autoreload autoreload.py 266 django.utils.autoreload trigger_reload 364845 /var/www/html/serverHealthCheck/CheckupApp/urls.py changed, reloading.
INFO 2023-07-22 16:25:27,433 MainThread 139907987703424 autoreload autoreload.py 668 django.utils.autoreload run_with_reloader 364869 Watching for file changes with StatReloader
INFO 2023-07-22 16:25:46,438 Thread-1 (process_request_thread) 139907582232320 basehttp basehttp.py 212 django.server log_message 364869 "GET /cronjob/api/server-info HTTP/1.1" 301 0
INFO 2023-07-22 16:25:46,543 Thread-2 (process_request_thread) 139907573839616 basehttp basehttp.py 212 django.server log_message 364869 "GET /cronjob/api/server-info/ HTTP/1.1" 200 5712
INFO 2023-07-22 16:25:46,883 Thread-2 (process_request_thread) 139907573839616 basehttp basehttp.py 212 django.server log_message 364869 "GET /static/rest_framework/css/bootstrap.min.css HTTP/1.1" 200 121457
INFO 2023-07-22 16:25:48,158 Thread-2 (process_request_thread) 139907573839616 basehttp basehttp.py 212 django.server log_message 364869 "GET /static/rest_framework/js/csrf.js HTTP/1.1" 200 1719
INFO 2023-07-22 16:25:48,217 Thread-3 (process_request_thread) 139907582232320 basehttp basehttp.py 212 django.server log_message 364869 "GET /static/rest_framework/css/bootstrap-tweaks.css HTTP/1.1" 200 3385
INFO 2023-07-22 16:25:48,222 Thread-4 (process_request_thread) 139907351705344 basehttp basehttp.py 212 django.server log_message 364869 "GET /static/rest_framework/css/prettify.css HTTP/1.1" 200 817
INFO 2023-07-22 16:25:48,228 Thread-6 (process_request_thread) 139907334919936 basehttp basehttp.py 212 django.server log_message 364869 "GET /static/rest_framework/js/ajax-form.js HTTP/1.1" 200 3597
INFO 2023-07-22 16:25:48,228 Thread-5 (process_request_thread) 139907343312640 basehttp basehttp.py 212 django.server log_message 364869 "GET /static/rest_framework/css/default.css HTTP/1.1" 200 1152
INFO 2023-07-22 16:25:48,230 Thread-2 (process_request_thread) 139907573839616 basehttp basehttp.py 212 django.server log_message 364869 "GET /static/rest_framework/js/bootstrap.min.js HTTP/1.1" 200 39680
INFO 2023-07-22 16:25:48,232 Thread-7 (process_request_thread) 139907326527232 basehttp basehttp.py 212 django.server log_message 364869 "GET /static/rest_framework/js/jquery-3.5.1.min.js HTTP/1.1" 200 89476
INFO 2023-07-22 16:25:48,340 Thread-3 (process_request_thread) 139907582232320 basehttp basehttp.py 212 django.server log_message 364869 "GET /static/rest_framework/js/prettify-min.js HTTP/1.1" 200 13632
INFO 2023-07-22 16:25:48,419 Thread-4 (process_request_thread) 139907351705344 basehttp basehttp.py 212 django.server log_message 364869 "GET /static/rest_framework/js/default.js HTTP/1.1" 200 1268
INFO 2023-07-22 16:25:48,749 Thread-6 (process_request_thread) 139907334919936 basehttp basehttp.py 212 django.server log_message 364869 "GET /static/rest_framework/img/grid.png HTTP/1.1" 200 1458
INFO 2023-07-22 16:29:14,097 MainThread 139907987703424 autoreload autoreload.py 266 django.utils.autoreload trigger_reload 364869 /var/www/html/serverHealthCheck/CheckupApp/views.py changed, reloading.
INFO 2023-07-22 16:29:14,795 MainThread 139869653395072 autoreload autoreload.py 668 django.utils.autoreload run_with_reloader 365288 Watching for file changes with StatReloader
INFO 2023-07-22 16:29:17,980 MainThread 139869653395072 autoreload autoreload.py 266 django.utils.autoreload trigger_reload 365288 /var/www/html/serverHealthCheck/CheckupApp/views.py changed, reloading.
INFO 2023-07-22 16:29:18,647 MainThread 140638232884864 autoreload autoreload.py 668 django.utils.autoreload run_with_reloader 365317 Watching for file changes with StatReloader
INFO 2023-07-22 16:29:23,049 MainThread 140638232884864 autoreload autoreload.py 266 django.utils.autoreload trigger_reload 365317 /var/www/html/serverHealthCheck/CheckupApp/views.py changed, reloading.
INFO 2023-07-22 16:29:23,701 MainThread 139945069799040 autoreload autoreload.py 668 django.utils.autoreload run_with_reloader 365352 Watching for file changes with StatReloader
INFO 2023-07-22 16:29:27,135 MainThread 139945069799040 autoreload autoreload.py 266 django.utils.autoreload trigger_reload 365352 /var/www/html/serverHealthCheck/CheckupApp/views.py changed, reloading.
INFO 2023-07-22 16:29:27,727 MainThread 140221084436096 autoreload autoreload.py 668 django.utils.autoreload run_with_reloader 365382 Watching for file changes with StatReloader
INFO 2023-07-22 16:29:29,948 MainThread 140221084436096 autoreload autoreload.py 266 django.utils.autoreload trigger_reload 365382 /var/www/html/serverHealthCheck/CheckupApp/views.py changed, reloading.
INFO 2023-07-22 16:29:30,558 MainThread 140526516975232 autoreload autoreload.py 668 django.utils.autoreload run_with_reloader 365403 Watching for file changes with StatReloader
INFO 2023-07-22 16:29:31,735 MainThread 140526516975232 autoreload autoreload.py 266 django.utils.autoreload trigger_reload 365403 /var/www/html/serverHealthCheck/CheckupApp/views.py changed, reloading.
INFO 2023-07-22 16:29:32,301 MainThread 139903016228480 autoreload autoreload.py 668 django.utils.autoreload run_with_reloader 365420 Watching for file changes with StatReloader
INFO 2023-07-22 16:29:33,500 MainThread 139903016228480 autoreload autoreload.py 266 django.utils.autoreload trigger_reload 365420 /var/www/html/serverHealthCheck/CheckupApp/views.py changed, reloading.
INFO 2023-07-22 16:29:34,086 MainThread 140419387819648 autoreload autoreload.py 668 django.utils.autoreload run_with_reloader 365428 Watching for file changes with StatReloader
INFO 2023-07-22 16:29:35,247 MainThread 140419387819648 autoreload autoreload.py 266 django.utils.autoreload trigger_reload 365428 /var/www/html/serverHealthCheck/CheckupApp/views.py changed, reloading.
INFO 2023-07-22 16:29:35,834 MainThread 140492861654656 autoreload autoreload.py 668 django.utils.autoreload run_with_reloader 365446 Watching for file changes with StatReloader
INFO 2023-07-22 16:29:37,013 MainThread 140492861654656 autoreload autoreload.py 266 django.utils.autoreload trigger_reload 365446 /var/www/html/serverHealthCheck/CheckupApp/views.py changed, reloading.
INFO 2023-07-22 16:29:37,625 MainThread 140633880704640 autoreload autoreload.py 668 django.utils.autoreload run_with_reloader 365462 Watching for file changes with StatReloader
INFO 2023-07-22 16:29:38,802 MainThread 140633880704640 autoreload autoreload.py 266 django.utils.autoreload trigger_reload 365462 /var/www/html/serverHealthCheck/CheckupApp/views.py changed, reloading.
INFO 2023-07-22 16:29:39,396 MainThread 140694517114496 autoreload autoreload.py 668 django.utils.autoreload run_with_reloader 365472 Watching for file changes with StatReloader
INFO 2023-07-22 16:29:40,553 MainThread 140694517114496 autoreload autoreload.py 266 django.utils.autoreload trigger_reload 365472 /var/www/html/serverHealthCheck/CheckupApp/views.py changed, reloading.
INFO 2023-07-22 16:29:41,223 MainThread 140110981064320 autoreload autoreload.py 668 django.utils.autoreload run_with_reloader 365487 Watching for file changes with StatReloader
INFO 2023-07-22 16:29:42,389 MainThread 140110981064320 autoreload autoreload.py 266 django.utils.autoreload trigger_reload 365487 /var/www/html/serverHealthCheck/CheckupApp/views.py changed, reloading.
INFO 2023-07-22 16:29:42,966 MainThread 140710834329216 autoreload autoreload.py 668 django.utils.autoreload run_with_reloader 365499 Watching for file changes with StatReloader
INFO 2023-07-22 16:30:02,346 MainThread 140710834329216 autoreload autoreload.py 266 django.utils.autoreload trigger_reload 365499 /var/www/html/serverHealthCheck/CheckupApp/views.py changed, reloading.
INFO 2023-07-22 16:30:03,305 MainThread 139728794871424 autoreload autoreload.py 668 django.utils.autoreload run_with_reloader 365569 Watching for file changes with StatReloader
INFO 2023-07-22 16:30:16,102 MainThread 139728794871424 autoreload autoreload.py 266 django.utils.autoreload trigger_reload 365569 /var/www/html/serverHealthCheck/CheckupApp/views.py changed, reloading.
INFO 2023-07-22 16:30:16,744 MainThread 139918824412800 autoreload autoreload.py 668 django.utils.autoreload run_with_reloader 365627 Watching for file changes with StatReloader
INFO 2023-07-22 16:30:17,917 MainThread 139918824412800 autoreload autoreload.py 266 django.utils.autoreload trigger_reload 365627 /var/www/html/serverHealthCheck/CheckupApp/views.py changed, reloading.
INFO 2023-07-22 16:30:18,520 MainThread 139742360970880 autoreload autoreload.py 668 django.utils.autoreload run_with_reloader 365640 Watching for file changes with StatReloader
INFO 2023-07-22 16:30:19,980 MainThread 139742360970880 autoreload autoreload.py 266 django.utils.autoreload trigger_reload 365640 /var/www/html/serverHealthCheck/CheckupApp/views.py changed, reloading.
INFO 2023-07-22 16:30:20,713 MainThread 140223754159744 autoreload autoreload.py 668 django.utils.autoreload run_with_reloader 365654 Watching for file changes with StatReloader
INFO 2023-07-22 16:30:27,955 MainThread 140223754159744 autoreload autoreload.py 266 django.utils.autoreload trigger_reload 365654 /var/www/html/serverHealthCheck/CheckupApp/views.py changed, reloading.
INFO 2023-07-22 16:30:28,653 MainThread 139965109577344 autoreload autoreload.py 668 django.utils.autoreload run_with_reloader 365695 Watching for file changes with StatReloader
INFO 2023-07-22 16:30:30,124 MainThread 139965109577344 autoreload autoreload.py 266 django.utils.autoreload trigger_reload 365695 /var/www/html/serverHealthCheck/CheckupApp/views.py changed, reloading.
INFO 2023-07-22 16:30:30,728 MainThread 140708699895424 autoreload autoreload.py 668 django.utils.autoreload run_with_reloader 365718 Watching for file changes with StatReloader
INFO 2023-07-22 16:30:33,968 MainThread 140708699895424 autoreload autoreload.py 266 django.utils.autoreload trigger_reload 365718 /var/www/html/serverHealthCheck/CheckupApp/views.py changed, reloading.
INFO 2023-07-22 16:30:34,566 MainThread 140040207095424 autoreload autoreload.py 668 django.utils.autoreload run_with_reloader 365742 Watching for file changes with StatReloader
INFO 2023-07-22 16:30:37,026 MainThread 140040207095424 autoreload autoreload.py 266 django.utils.autoreload trigger_reload 365742 /var/www/html/serverHealthCheck/CheckupApp/views.py changed, reloading.
INFO 2023-07-22 16:30:37,734 MainThread 140206199027328 autoreload autoreload.py 668 django.utils.autoreload run_with_reloader 365757 Watching for file changes with StatReloader
INFO 2023-07-22 16:30:45,221 MainThread 140206199027328 autoreload autoreload.py 266 django.utils.autoreload trigger_reload 365757 /var/www/html/serverHealthCheck/CheckupApp/views.py changed, reloading.
INFO 2023-07-22 16:30:45,851 MainThread 140201730803328 autoreload autoreload.py 668 django.utils.autoreload run_with_reloader 365818 Watching for file changes with StatReloader
INFO 2023-07-22 16:30:48,016 MainThread 140201730803328 autoreload autoreload.py 266 django.utils.autoreload trigger_reload 365818 /var/www/html/serverHealthCheck/CheckupApp/views.py changed, reloading.
INFO 2023-07-22 16:30:48,603 MainThread 139757292799616 autoreload autoreload.py 668 django.utils.autoreload run_with_reloader 365825 Watching for file changes with StatReloader
INFO 2023-07-22 16:30:54,822 MainThread 139757292799616 autoreload autoreload.py 266 django.utils.autoreload trigger_reload 365825 /var/www/html/serverHealthCheck/CheckupApp/views.py changed, reloading.
INFO 2023-07-22 16:30:55,387 MainThread 139698955298432 autoreload autoreload.py 668 django.utils.autoreload run_with_reloader 365875 Watching for file changes with StatReloader
INFO 2023-07-22 16:30:57,611 MainThread 139698955298432 autoreload autoreload.py 266 django.utils.autoreload trigger_reload 365875 /var/www/html/serverHealthCheck/CheckupApp/views.py changed, reloading.
INFO 2023-07-22 16:30:58,157 MainThread 139627239474816 autoreload autoreload.py 668 django.utils.autoreload run_with_reloader 365885 Watching for file changes with StatReloader
INFO 2023-07-22 16:31:05,422 MainThread 139627239474816 autoreload autoreload.py 266 django.utils.autoreload trigger_reload 365885 /var/www/html/serverHealthCheck/CheckupApp/views.py changed, reloading.
INFO 2023-07-22 16:31:06,118 MainThread 140363993810560 autoreload autoreload.py 668 django.utils.autoreload run_with_reloader 365952 Watching for file changes with StatReloader
INFO 2023-07-22 16:31:17,712 MainThread 140363993810560 autoreload autoreload.py 266 django.utils.autoreload trigger_reload 365952 /var/www/html/serverHealthCheck/CheckupApp/views.py changed, reloading.
INFO 2023-07-22 16:31:18,331 MainThread 139673459623552 autoreload autoreload.py 668 django.utils.autoreload run_with_reloader 365985 Watching for file changes with StatReloader
WARNING 2023-07-22 16:31:26,726 Thread-2 (process_request_thread) 139672978405120 basehttp basehttp.py 212 django.server log_message 365985 "GET /cronjob/api/server-info/ HTTP/1.1" 405 5677
INFO 2023-07-22 16:31:34,973 Thread-2 (process_request_thread) 139672978405120 basehttp basehttp.py 212 django.server log_message 365985 "OPTIONS /cronjob/api/server-info/ HTTP/1.1" 200 5953
INFO 2023-07-22 16:33:33,809 MainThread 139673459623552 autoreload autoreload.py 266 django.utils.autoreload trigger_reload 365985 /var/www/html/serverHealthCheck/CheckupApp/serializers.py changed, reloading.
INFO 2023-07-22 16:33:34,514 MainThread 139726947833472 autoreload autoreload.py 668 django.utils.autoreload run_with_reloader 366232 Watching for file changes with StatReloader
INFO 2023-07-22 16:33:37,944 MainThread 139726947833472 autoreload autoreload.py 266 django.utils.autoreload trigger_reload 366232 /var/www/html/serverHealthCheck/CheckupApp/serializers.py changed, reloading.
INFO 2023-07-22 16:33:38,604 MainThread 140116817958528 autoreload autoreload.py 668 django.utils.autoreload run_with_reloader 366258 Watching for file changes with StatReloader
INFO 2023-07-22 16:33:41,083 MainThread 140116817958528 autoreload autoreload.py 266 django.utils.autoreload trigger_reload 366258 /var/www/html/serverHealthCheck/CheckupApp/serializers.py changed, reloading.
INFO 2023-07-22 16:33:41,743 MainThread 139702129616512 autoreload autoreload.py 668 django.utils.autoreload run_with_reloader 366283 Watching for file changes with StatReloader
INFO 2023-07-22 16:33:55,333 MainThread 139702129616512 autoreload autoreload.py 266 django.utils.autoreload trigger_reload 366283 /var/www/html/serverHealthCheck/CheckupApp/serializers.py changed, reloading.
INFO 2023-07-22 16:33:55,960 MainThread 139963309766272 autoreload autoreload.py 668 django.utils.autoreload run_with_reloader 366326 Watching for file changes with StatReloader
INFO 2023-07-22 16:34:01,420 MainThread 139963309766272 autoreload autoreload.py 266 django.utils.autoreload trigger_reload 366326 /var/www/html/serverHealthCheck/CheckupApp/serializers.py changed, reloading.
INFO 2023-07-22 16:34:02,325 MainThread 139788948252288 autoreload autoreload.py 668 django.utils.autoreload run_with_reloader 366375 Watching for file changes with StatReloader
INFO 2023-07-22 16:34:05,909 MainThread 139788948252288 autoreload autoreload.py 266 django.utils.autoreload trigger_reload 366375 /var/www/html/serverHealthCheck/CheckupApp/serializers.py changed, reloading.
INFO 2023-07-22 16:34:06,648 MainThread 139874005796480 autoreload autoreload.py 668 django.utils.autoreload run_with_reloader 366395 Watching for file changes with StatReloader
WARNING 2023-07-22 16:34:15,591 Thread-1 (process_request_thread) 139873528837888 basehttp basehttp.py 212 django.server log_message 366395 "GET /cronjob/api/server-info/ HTTP/1.1" 405 5677
WARNING 2023-07-22 16:34:22,794 Thread-1 (process_request_thread) 139873528837888 basehttp basehttp.py 212 django.server log_message 366395 "GET /cronjob/api/server-info/ HTTP/1.1" 405 5677
INFO 2023-07-22 16:34:28,534 Thread-1 (process_request_thread) 139873528837888 basehttp basehttp.py 212 django.server log_message 366395 "OPTIONS /cronjob/api/server-info/ HTTP/1.1" 200 5953
ERROR 2023-07-22 16:34:38,041 Thread-1 (process_request_thread) 139873528837888 basehttp basehttp.py 212 django.server log_message 366395 "POST /cronjob/api/server-info/ HTTP/1.1" 500 101983
INFO 2023-07-22 16:34:50,524 Thread-1 (process_request_thread) 139873528837888 basehttp basehttp.py 212 django.server log_message 366395 "OPTIONS /cronjob/api/server-info/ HTTP/1.1" 200 5953
INFO 2023-07-22 16:35:12,393 MainThread 139874005796480 autoreload autoreload.py 266 django.utils.autoreload trigger_reload 366395 /var/www/html/serverHealthCheck/CheckupApp/views.py changed, reloading.
INFO 2023-07-22 16:35:13,092 MainThread 140270588782208 autoreload autoreload.py 668 django.utils.autoreload run_with_reloader 366625 Watching for file changes with StatReloader
INFO 2023-07-22 16:35:35,833 MainThread 140270588782208 autoreload autoreload.py 266 django.utils.autoreload trigger_reload 366625 /var/www/html/serverHealthCheck/CheckupApp/urls.py changed, reloading.
INFO 2023-07-22 16:35:36,470 MainThread 140616578033280 autoreload autoreload.py 668 django.utils.autoreload run_with_reloader 366694 Watching for file changes with StatReloader
INFO 2023-07-22 16:35:45,971 MainThread 140616578033280 autoreload autoreload.py 266 django.utils.autoreload trigger_reload 366694 /var/www/html/serverHealthCheck/CheckupApp/views.py changed, reloading.
INFO 2023-07-22 16:35:46,576 MainThread 140222366230144 autoreload autoreload.py 668 django.utils.autoreload run_with_reloader 366746 Watching for file changes with StatReloader
INFO 2023-07-22 16:35:52,724 Thread-2 (process_request_thread) 140221882558208 basehttp basehttp.py 212 django.server log_message 366746 "GET /cronjob/api/server-info/ HTTP/1.1" 200 5685
WARNING 2023-07-22 16:36:01,088 Thread-2 (process_request_thread) 140221882558208 basehttp basehttp.py 212 django.server log_message 366746 "GET /cronjob/api/create_server_info HTTP/1.1" 404 2751
INFO 2023-07-22 16:36:30,738 Thread-2 (process_request_thread) 140221882558208 basehttp basehttp.py 212 django.server log_message 366746 "GET /cronjob/api/create-server-info HTTP/1.1" 301 0
WARNING 2023-07-22 16:36:30,841 Thread-1 (process_request_thread) 140221890950912 basehttp basehttp.py 212 django.server log_message 366746 "GET /cronjob/api/create-server-info/ HTTP/1.1" 405 5715
INFO 2023-07-22 16:36:56,984 MainThread 140222366230144 autoreload autoreload.py 266 django.utils.autoreload trigger_reload 366746 /var/www/html/serverHealthCheck/CheckupApp/views.py changed, reloading.
INFO 2023-07-22 16:36:57,576 MainThread 140235220100736 autoreload autoreload.py 668 django.utils.autoreload run_with_reloader 366965 Watching for file changes with StatReloader
INFO 2023-07-22 16:37:10,966 MainThread 140235220100736 autoreload autoreload.py 266 django.utils.autoreload trigger_reload 366965 /var/www/html/serverHealthCheck/CheckupApp/views.py changed, reloading.
INFO 2023-07-22 16:37:11,556 MainThread 140576523183744 autoreload autoreload.py 668 django.utils.autoreload run_with_reloader 367041 Watching for file changes with StatReloader
WARNING 2023-07-22 16:37:20,230 Thread-1 (process_request_thread) 140576116664064 basehttp basehttp.py 212 django.server log_message 367041 "GET /cronjob/api/create-server-info/ HTTP/1.1" 405 5715
WARNING 2023-07-22 16:37:23,055 Thread-1 (process_request_thread) 140576116664064 basehttp basehttp.py 212 django.server log_message 367041 "GET /cronjob/api/create-server-info/ HTTP/1.1" 405 5715
INFO 2023-07-22 16:37:40,436 MainThread 140576523183744 autoreload autoreload.py 266 django.utils.autoreload trigger_reload 367041 /var/www/html/serverHealthCheck/CheckupApp/views.py changed, reloading.
INFO 2023-07-22 16:37:41,049 MainThread 140666287752832 autoreload autoreload.py 668 django.utils.autoreload run_with_reloader 367153 Watching for file changes with StatReloader
WARNING 2023-07-22 16:37:44,713 Thread-1 (process_request_thread) 140665815037696 basehttp basehttp.py 212 django.server log_message 367153 "GET /cronjob/api/create-server-info/ HTTP/1.1" 405 5715
INFO 2023-07-22 16:38:32,280 MainThread 140666287752832 autoreload autoreload.py 266 django.utils.autoreload trigger_reload 367153 /var/www/html/serverHealthCheck/CheckupApp/serializers.py changed, reloading.
INFO 2023-07-22 16:38:33,016 MainThread 139881345152640 autoreload autoreload.py 668 django.utils.autoreload run_with_reloader 367264 Watching for file changes with StatReloader
INFO 2023-07-22 16:38:34,513 MainThread 139881345152640 autoreload autoreload.py 266 django.utils.autoreload trigger_reload 367264 /var/www/html/serverHealthCheck/CheckupApp/serializers.py changed, reloading.
INFO 2023-07-22 16:38:35,258 MainThread 139746357851776 autoreload autoreload.py 668 django.utils.autoreload run_with_reloader 367289 Watching for file changes with StatReloader
INFO 2023-07-22 16:39:25,418 MainThread 139746357851776 autoreload autoreload.py 266 django.utils.autoreload trigger_reload 367289 /var/www/html/serverHealthCheck/CheckupApp/serializers.py changed, reloading.
INFO 2023-07-22 16:39:26,082 MainThread 140031168661120 autoreload autoreload.py 668 django.utils.autoreload run_with_reloader 367386 Watching for file changes with StatReloader
INFO 2023-07-22 16:39:30,545 MainThread 140031168661120 autoreload autoreload.py 266 django.utils.autoreload trigger_reload 367386 /var/www/html/serverHealthCheck/CheckupApp/serializers.py changed, reloading.
INFO 2023-07-22 16:39:31,169 MainThread 140421849323136 autoreload autoreload.py 668 django.utils.autoreload run_with_reloader 367418 Watching for file changes with StatReloader
WARNING 2023-07-22 16:40:59,127 Thread-1 (process_request_thread) 140421376440064 basehttp basehttp.py 212 django.server log_message 367418 "POST /cronjob/api/create-server-info/ HTTP/1.1" 400 5768
WARNING 2023-07-22 16:46:25,082 Thread-4 (process_request_thread) 140421363816192 basehttp basehttp.py 212 django.server log_message 367418 "GET /cronjob/api/create-server-info/ HTTP/1.1" 405 5715
ERROR 2023-07-22 16:46:29,167 Thread-5 (process_request_thread) 140421376440064 basehttp basehttp.py 212 django.server log_message 367418 "POST /cronjob/api/create-server-info/ HTTP/1.1" 500 102317
INFO 2023-07-22 16:47:15,663 Thread-6 (process_request_thread) 140421376440064 basehttp basehttp.py 212 django.server log_message 367418 "GET /admin/CheckupApp/serverinfo/ HTTP/1.1" 200 9981
INFO 2023-07-22 16:47:16,002 Thread-6 (process_request_thread) 140421376440064 basehttp basehttp.py 212 django.server log_message 367418 "GET /admin/jsi18n/ HTTP/1.1" 200 3343
INFO 2023-07-22 16:48:13,137 MainThread 140421849323136 autoreload autoreload.py 266 django.utils.autoreload trigger_reload 367418 /var/www/html/serverHealthCheck/CheckupApp/views.py changed, reloading.
INFO 2023-07-22 16:48:13,799 MainThread 140594635789952 autoreload autoreload.py 668 django.utils.autoreload run_with_reloader 368259 Watching for file changes with StatReloader
WARNING 2023-07-22 16:48:24,004 Thread-3 (process_request_thread) 140594230318848 basehttp basehttp.py 212 django.server log_message 368259 "GET /cronjob/api/create-server-info/ HTTP/1.1" 405 5715
ERROR 2023-07-22 16:48:40,469 Thread-3 (process_request_thread) 140594230318848 basehttp basehttp.py 212 django.server log_message 368259 "POST /cronjob/api/create-server-info/ HTTP/1.1" 500 102316
INFO 2023-07-22 16:48:50,002 Thread-5 (process_request_thread) 140594221926144 basehttp basehttp.py 212 django.server log_message 368259 "GET /admin/CheckupApp/serverinfo/ HTTP/1.1" 200 10411
INFO 2023-07-22 16:48:50,085 Thread-5 (process_request_thread) 140594221926144 basehttp basehttp.py 212 django.server log_message 368259 "GET /admin/jsi18n/ HTTP/1.1" 200 3343
INFO 2023-07-22 16:49:40,477 MainThread 140594635789952 autoreload autoreload.py 266 django.utils.autoreload trigger_reload 368259 /var/www/html/serverHealthCheck/CheckupApp/views.py changed, reloading.
INFO 2023-07-22 16:49:41,085 MainThread 140442306397824 autoreload autoreload.py 668 django.utils.autoreload run_with_reloader 368492 Watching for file changes with StatReloader
INFO 2023-07-22 16:49:45,530 MainThread 140442306397824 autoreload autoreload.py 266 django.utils.autoreload trigger_reload 368492 /var/www/html/serverHealthCheck/CheckupApp/views.py changed, reloading.
INFO 2023-07-22 16:49:46,135 MainThread 140388921542272 autoreload autoreload.py 668 django.utils.autoreload run_with_reloader 368517 Watching for file changes with StatReloader
INFO 2023-07-22 16:49:47,553 MainThread 140388921542272 autoreload autoreload.py 266 django.utils.autoreload trigger_reload 368517 /var/www/html/serverHealthCheck/CheckupApp/views.py changed, reloading.
INFO 2023-07-22 16:49:48,261 MainThread 139773945230976 autoreload autoreload.py 668 django.utils.autoreload run_with_reloader 368540 Watching for file changes with StatReloader
INFO 2023-07-22 16:49:50,691 MainThread 139773945230976 autoreload autoreload.py 266 django.utils.autoreload trigger_reload 368540 /var/www/html/serverHealthCheck/CheckupApp/views.py changed, reloading.
INFO 2023-07-22 16:49:51,316 MainThread 139668359149184 autoreload autoreload.py 668 django.utils.autoreload run_with_reloader 368547 Watching for file changes with StatReloader
WARNING 2023-07-22 16:49:56,373 Thread-2 (process_request_thread) 139667877771008 basehttp basehttp.py 212 django.server log_message 368547 "GET /cronjob/api/create-server-info/ HTTP/1.1" 405 5715
ERROR 2023-07-22 16:50:19,736 Thread-3 (process_request_thread) 139667886163712 basehttp basehttp.py 212 django.server log_message 368547 "POST /cronjob/api/create-server-info/ HTTP/1.1" 500 102343
INFO 2023-07-22 16:50:58,776 MainThread 139668359149184 autoreload autoreload.py 266 django.utils.autoreload trigger_reload 368547 /var/www/html/serverHealthCheck/CheckupApp/views.py changed, reloading.
INFO 2023-07-22 16:50:59,378 MainThread 140562846369408 autoreload autoreload.py 668 django.utils.autoreload run_with_reloader 368713 Watching for file changes with StatReloader
WARNING 2023-07-22 16:51:08,403 Thread-1 (process_request_thread) 140562372622080 basehttp basehttp.py 212 django.server log_message 368713 "GET /cronjob/api/create-server-info/ HTTP/1.1" 405 5715
INFO 2023-07-22 16:51:16,711 Thread-3 (process_request_thread) 140562372622080 basehttp basehttp.py 212 django.server log_message 368713 "POST /cronjob/api/create-server-info/ HTTP/1.1" 201 5929
INFO 2023-07-22 16:53:05,729 Thread-5 (process_request_thread) 140562372622080 basehttp basehttp.py 212 django.server log_message 368713 "GET /admin/CheckupApp/serverinfo/ HTTP/1.1" 200 11259
INFO 2023-07-22 16:53:05,870 Thread-5 (process_request_thread) 140562372622080 basehttp basehttp.py 212 django.server log_message 368713 "GET /admin/jsi18n/ HTTP/1.1" 200 3343
INFO 2023-07-22 16:53:21,823 Thread-5 (process_request_thread) 140562372622080 basehttp basehttp.py 212 django.server log_message 368713 "POST /admin/CheckupApp/serverinfo/ HTTP/1.1" 200 7937
INFO 2023-07-22 16:53:21,972 Thread-5 (process_request_thread) 140562372622080 basehttp basehttp.py 212 django.server log_message 368713 "GET /static/admin/js/cancel.js HTTP/1.1" 200 884
INFO 2023-07-22 16:53:23,289 Thread-5 (process_request_thread) 140562372622080 basehttp basehttp.py 212 django.server log_message 368713 "POST /admin/CheckupApp/serverinfo/ HTTP/1.1" 302 0
INFO 2023-07-22 16:53:23,362 Thread-5 (process_request_thread) 140562372622080 basehttp basehttp.py 212 django.server log_message 368713 "GET /admin/CheckupApp/serverinfo/ HTTP/1.1" 200 10123
INFO 2023-07-22 16:53:23,504 Thread-5 (process_request_thread) 140562372622080 basehttp basehttp.py 212 django.server log_message 368713 "GET /admin/jsi18n/ HTTP/1.1" 200 3343
INFO 2023-07-22 16:53:25,940 Thread-5 (process_request_thread) 140562372622080 basehttp basehttp.py 212 django.server log_message 368713 "GET /admin/CheckupApp/serverinfo/5/change/ HTTP/1.1" 200 9929
INFO 2023-07-22 16:53:26,074 Thread-5 (process_request_thread) 140562372622080 basehttp basehttp.py 212 django.server log_message 368713 "GET /admin/jsi18n/ HTTP/1.1" 200 3343
INFO 2023-07-22 16:53:48,069 Thread-5 (process_request_thread) 140562372622080 basehttp basehttp.py 212 django.server log_message 368713 "POST /admin/CheckupApp/serverinfo/5/change/ HTTP/1.1" 302 0
INFO 2023-07-22 16:53:48,143 Thread-5 (process_request_thread) 140562372622080 basehttp basehttp.py 212 django.server log_message 368713 "GET /admin/CheckupApp/serverinfo/ HTTP/1.1" 200 10246
INFO 2023-07-22 16:53:48,286 Thread-5 (process_request_thread) 140562372622080 basehttp basehttp.py 212 django.server log_message 368713 "GET /admin/jsi18n/ HTTP/1.1" 200 3343
INFO 2023-07-22 16:54:38,250 Thread-7 (process_request_thread) 140562372622080 basehttp basehttp.py 212 django.server log_message 368713 "GET /cronjob/ HTTP/1.1" 200 16523
INFO 2023-07-22 16:58:57,780 MainThread 140562846369408 autoreload autoreload.py 266 django.utils.autoreload trigger_reload 368713 /var/www/html/serverHealthCheck/CheckupApp/views.py changed, reloading.
INFO 2023-07-22 16:58:58,381 MainThread 140307607316096 autoreload autoreload.py 668 django.utils.autoreload run_with_reloader 369571 Watching for file changes with StatReloader
INFO 2023-07-22 16:58:59,781 MainThread 140307607316096 autoreload autoreload.py 266 django.utils.autoreload trigger_reload 369571 /var/www/html/serverHealthCheck/CheckupApp/views.py changed, reloading.
INFO 2023-07-22 16:59:00,374 MainThread 140138366191232 autoreload autoreload.py 668 django.utils.autoreload run_with_reloader 369592 Watching for file changes with StatReloader
INFO 2023-07-22 16:59:01,750 MainThread 140138366191232 autoreload autoreload.py 266 django.utils.autoreload trigger_reload 369592 /var/www/html/serverHealthCheck/CheckupApp/views.py changed, reloading.
INFO 2023-07-22 16:59:02,520 MainThread 140490136184448 autoreload autoreload.py 668 django.utils.autoreload run_with_reloader 369613 Watching for file changes with StatReloader
INFO 2023-07-22 16:59:12,211 MainThread 140490136184448 autoreload autoreload.py 266 django.utils.autoreload trigger_reload 369613 /var/www/html/serverHealthCheck/CheckupApp/views.py changed, reloading.
INFO 2023-07-22 16:59:12,830 MainThread 140487448229504 autoreload autoreload.py 668 django.utils.autoreload run_with_reloader 369690 Watching for file changes with StatReloader
INFO 2023-07-22 16:59:15,012 MainThread 140487448229504 autoreload autoreload.py 266 django.utils.autoreload trigger_reload 369690 /var/www/html/serverHealthCheck/CheckupApp/views.py changed, reloading.
INFO 2023-07-22 16:59:15,596 MainThread 140013413361280 autoreload autoreload.py 668 django.utils.autoreload run_with_reloader 369716 Watching for file changes with StatReloader
INFO 2023-07-22 16:59:30,976 MainThread 140013413361280 autoreload autoreload.py 266 django.utils.autoreload trigger_reload 369716 /var/www/html/serverHealthCheck/CheckupApp/views.py changed, reloading.
INFO 2023-07-22 16:59:31,567 MainThread 140022688769664 autoreload autoreload.py 668 django.utils.autoreload run_with_reloader 369755 Watching for file changes with StatReloader
INFO 2023-07-22 16:59:49,935 MainThread 140022688769664 autoreload autoreload.py 266 django.utils.autoreload trigger_reload 369755 /var/www/html/serverHealthCheck/CheckupApp/views.py changed, reloading.
INFO 2023-07-22 16:59:50,493 MainThread 139987398403712 autoreload autoreload.py 668 django.utils.autoreload run_with_reloader 369819 Watching for file changes with StatReloader
INFO 2023-07-22 16:59:53,688 MainThread 139987398403712 autoreload autoreload.py 266 django.utils.autoreload trigger_reload 369819 /var/www/html/serverHealthCheck/CheckupApp/views.py changed, reloading.
INFO 2023-07-22 16:59:54,222 MainThread 139805685704320 autoreload autoreload.py 668 django.utils.autoreload run_with_reloader 369851 Watching for file changes with StatReloader
INFO 2023-07-22 16:59:58,412 MainThread 139805685704320 autoreload autoreload.py 266 django.utils.autoreload trigger_reload 369851 /var/www/html/serverHealthCheck/CheckupApp/views.py changed, reloading.
INFO 2023-07-22 16:59:58,990 MainThread 140386381596288 autoreload autoreload.py 668 django.utils.autoreload run_with_reloader 369874 Watching for file changes with StatReloader
INFO 2023-07-22 17:00:00,162 MainThread 140386381596288 autoreload autoreload.py 266 django.utils.autoreload trigger_reload 369874 /var/www/html/serverHealthCheck/CheckupApp/views.py changed, reloading.
INFO 2023-07-22 17:00:00,903 MainThread 139763199518336 autoreload autoreload.py 668 django.utils.autoreload run_with_reloader 369880 Watching for file changes with StatReloader
INFO 2023-07-22 17:00:02,114 MainThread 139763199518336 autoreload autoreload.py 266 django.utils.autoreload trigger_reload 369880 /var/www/html/serverHealthCheck/CheckupApp/views.py changed, reloading.
INFO 2023-07-22 17:00:03,205 MainThread 140534696425088 autoreload autoreload.py 668 django.utils.autoreload run_with_reloader 369924 Watching for file changes with StatReloader
INFO 2023-07-22 17:00:42,052 MainThread 140534696425088 autoreload autoreload.py 266 django.utils.autoreload trigger_reload 369924 /var/www/html/serverHealthCheck/CheckupApp/views.py changed, reloading.
INFO 2023-07-22 17:00:42,746 MainThread 140003197290112 autoreload autoreload.py 668 django.utils.autoreload run_with_reloader 369995 Watching for file changes with StatReloader
INFO 2023-07-22 17:00:44,144 MainThread 140003197290112 autoreload autoreload.py 266 django.utils.autoreload trigger_reload 369995 /var/www/html/serverHealthCheck/CheckupApp/views.py changed, reloading.
INFO 2023-07-22 17:00:44,743 MainThread 140571403511424 autoreload autoreload.py 668 django.utils.autoreload run_with_reloader 370020 Watching for file changes with StatReloader
INFO 2023-07-22 17:02:21,529 MainThread 140571403511424 autoreload autoreload.py 266 django.utils.autoreload trigger_reload 370020 /var/www/html/serverHealthCheck/CheckupApp/urls.py changed, reloading.
INFO 2023-07-22 17:02:22,226 MainThread 139698924254848 autoreload autoreload.py 668 django.utils.autoreload run_with_reloader 370213 Watching for file changes with StatReloader
INFO 2023-07-22 17:02:24,758 MainThread 139698924254848 autoreload autoreload.py 266 django.utils.autoreload trigger_reload 370213 /var/www/html/serverHealthCheck/CheckupApp/urls.py changed, reloading.
INFO 2023-07-22 17:02:25,372 MainThread 140107980252800 autoreload autoreload.py 668 django.utils.autoreload run_with_reloader 370241 Watching for file changes with StatReloader
INFO 2023-07-22 17:02:28,703 MainThread 140107980252800 autoreload autoreload.py 266 django.utils.autoreload trigger_reload 370241 /var/www/html/serverHealthCheck/CheckupApp/urls.py changed, reloading.
INFO 2023-07-22 17:02:29,381 MainThread 140276568630912 autoreload autoreload.py 668 django.utils.autoreload run_with_reloader 370273 Watching for file changes with StatReloader
INFO 2023-07-22 17:02:31,738 MainThread 140276568630912 autoreload autoreload.py 266 django.utils.autoreload trigger_reload 370273 /var/www/html/serverHealthCheck/CheckupApp/urls.py changed, reloading.
INFO 2023-07-22 17:02:32,323 MainThread 139910281295488 autoreload autoreload.py 668 django.utils.autoreload run_with_reloader 370282 Watching for file changes with StatReloader
INFO 2023-07-22 17:02:37,798 MainThread 139910281295488 autoreload autoreload.py 266 django.utils.autoreload trigger_reload 370282 /var/www/html/serverHealthCheck/CheckupApp/urls.py changed, reloading.
INFO 2023-07-22 17:02:38,548 MainThread 139900181452416 autoreload autoreload.py 668 django.utils.autoreload run_with_reloader 370331 Watching for file changes with StatReloader
INFO 2023-07-22 17:02:39,947 MainThread 139900181452416 autoreload autoreload.py 266 django.utils.autoreload trigger_reload 370331 /var/www/html/serverHealthCheck/CheckupApp/urls.py changed, reloading.
INFO 2023-07-22 17:02:40,516 MainThread 140497525524096 autoreload autoreload.py 668 django.utils.autoreload run_with_reloader 370342 Watching for file changes with StatReloader
INFO 2023-07-22 17:02:55,683 Thread-1 (process_request_thread) 140497120052992 basehttp basehttp.py 212 django.server log_message 370342 "GET /cronjob/api/server_up_down_check HTTP/1.1" 200 306
INFO 2023-07-22 17:02:58,530 Thread-1 (process_request_thread) 140497120052992 basehttp basehttp.py 212 django.server log_message 370342 "GET /cronjob/api/server_up_down_check HTTP/1.1" 200 306
INFO 2023-07-22 17:03:09,312 MainThread 140497525524096 autoreload autoreload.py 266 django.utils.autoreload trigger_reload 370342 /var/www/html/serverHealthCheck/CheckupApp/urls.py changed, reloading.
INFO 2023-07-22 17:03:09,971 MainThread 139741676865152 autoreload autoreload.py 668 django.utils.autoreload run_with_reloader 370459 Watching for file changes with StatReloader
INFO 2023-07-22 17:04:01,099 MainThread 139741676865152 autoreload autoreload.py 266 django.utils.autoreload trigger_reload 370459 /var/www/html/serverHealthCheck/CheckupApp/views.py changed, reloading.
INFO 2023-07-22 17:04:01,887 MainThread 139843245360768 autoreload autoreload.py 668 django.utils.autoreload run_with_reloader 370563 Watching for file changes with StatReloader
INFO 2023-07-22 17:04:11,586 MainThread 139843245360768 autoreload autoreload.py 266 django.utils.autoreload trigger_reload 370563 /var/www/html/serverHealthCheck/CheckupApp/views.py changed, reloading.
INFO 2023-07-22 17:04:12,306 MainThread 139882143495808 autoreload autoreload.py 668 django.utils.autoreload run_with_reloader 370629 Watching for file changes with StatReloader
ERROR 2023-07-22 17:04:14,390 Thread-1 (process_request_thread) 139881738024704 basehttp basehttp.py 212 django.server log_message 370629 "GET /cronjob/api/server_up_down_check HTTP/1.1" 500 102843
INFO 2023-07-22 17:04:28,010 MainThread 139882143495808 autoreload autoreload.py 266 django.utils.autoreload trigger_reload 370629 /var/www/html/serverHealthCheck/CheckupApp/views.py changed, reloading.
INFO 2023-07-22 17:04:28,700 MainThread 140702925973120 autoreload autoreload.py 668 django.utils.autoreload run_with_reloader 370690 Watching for file changes with StatReloader
INFO 2023-07-22 17:04:37,204 MainThread 140702925973120 autoreload autoreload.py 266 django.utils.autoreload trigger_reload 370690 /var/www/html/serverHealthCheck/CheckupApp/views.py changed, reloading.
INFO 2023-07-22 17:04:37,881 MainThread 140459573409408 autoreload autoreload.py 668 django.utils.autoreload run_with_reloader 370747 Watching for file changes with StatReloader
INFO 2023-07-22 17:04:49,416 MainThread 140459573409408 autoreload autoreload.py 266 django.utils.autoreload trigger_reload 370747 /var/www/html/serverHealthCheck/CheckupApp/views.py changed, reloading.
INFO 2023-07-22 17:04:50,087 MainThread 140714613188224 autoreload autoreload.py 668 django.utils.autoreload run_with_reloader 370802 Watching for file changes with StatReloader
INFO 2023-07-22 17:04:51,261 MainThread 140714613188224 autoreload autoreload.py 266 django.utils.autoreload trigger_reload 370802 /var/www/html/serverHealthCheck/CheckupApp/views.py changed, reloading.
INFO 2023-07-22 17:04:51,830 MainThread 140491263452800 autoreload autoreload.py 668 django.utils.autoreload run_with_reloader 370816 Watching for file changes with StatReloader
INFO 2023-07-22 17:04:54,002 MainThread 140491263452800 autoreload autoreload.py 266 django.utils.autoreload trigger_reload 370816 /var/www/html/serverHealthCheck/CheckupApp/views.py changed, reloading.
INFO 2023-07-22 17:04:54,633 MainThread 139915528988288 autoreload autoreload.py 668 django.utils.autoreload run_with_reloader 370831 Watching for file changes with StatReloader
INFO 2023-07-22 17:04:56,841 MainThread 139915528988288 autoreload autoreload.py 266 django.utils.autoreload trigger_reload 370831 /var/www/html/serverHealthCheck/CheckupApp/views.py changed, reloading.
INFO 2023-07-22 17:04:57,456 MainThread 140589661288064 autoreload autoreload.py 668 django.utils.autoreload run_with_reloader 370856 Watching for file changes with StatReloader
INFO 2023-07-22 17:04:59,638 MainThread 140589661288064 autoreload autoreload.py 266 django.utils.autoreload trigger_reload 370856 /var/www/html/serverHealthCheck/CheckupApp/views.py changed, reloading.
INFO 2023-07-22 17:05:00,305 MainThread 140395871233664 autoreload autoreload.py 668 django.utils.autoreload run_with_reloader 370865 Watching for file changes with StatReloader
INFO 2023-07-22 17:05:04,559 MainThread 140395871233664 autoreload autoreload.py 266 django.utils.autoreload trigger_reload 370865 /var/www/html/serverHealthCheck/CheckupApp/views.py changed, reloading.
INFO 2023-07-22 17:05:05,356 MainThread 139852210742912 autoreload autoreload.py 668 django.utils.autoreload run_with_reloader 370906 Watching for file changes with StatReloader
INFO 2023-07-22 17:05:10,945 MainThread 139852210742912 autoreload autoreload.py 266 django.utils.autoreload trigger_reload 370906 /var/www/html/serverHealthCheck/CheckupApp/views.py changed, reloading.
INFO 2023-07-22 17:05:11,574 MainThread 139840555599488 autoreload autoreload.py 668 django.utils.autoreload run_with_reloader 370947 Watching for file changes with StatReloader
INFO 2023-07-22 17:05:12,959 MainThread 139840555599488 autoreload autoreload.py 266 django.utils.autoreload trigger_reload 370947 /var/www/html/serverHealthCheck/CheckupApp/views.py changed, reloading.
INFO 2023-07-22 17:05:13,618 MainThread 139653207697024 autoreload autoreload.py 668 django.utils.autoreload run_with_reloader 370961 Watching for file changes with StatReloader
INFO 2023-07-22 17:05:18,077 MainThread 139653207697024 autoreload autoreload.py 266 django.utils.autoreload trigger_reload 370961 /var/www/html/serverHealthCheck/CheckupApp/views.py changed, reloading.
INFO 2023-07-22 17:05:18,895 MainThread 140240014075520 autoreload autoreload.py 668 django.utils.autoreload run_with_reloader 370986 Watching for file changes with StatReloader
INFO 2023-07-22 17:05:20,634 Thread-1 (process_request_thread) 140239539533568 basehttp basehttp.py 212 django.server log_message 370986 "GET /cronjob/api/server_up_down_check HTTP/1.1" 200 328
INFO 2023-07-22 17:05:33,427 Thread-1 (process_request_thread) 140239539533568 basehttp basehttp.py 212 django.server log_message 370986 "GET /cronjob/api/server_up_down_check HTTP/1.1" 200 341
INFO 2023-07-22 17:05:36,286 Thread-1 (process_request_thread) 140239539533568 basehttp basehttp.py 212 django.server log_message 370986 "GET /cronjob/api/server_up_down_check HTTP/1.1" 200 328
INFO 2023-07-22 17:05:37,176 Thread-1 (process_request_thread) 140239539533568 basehttp basehttp.py 212 django.server log_message 370986 "GET /cronjob/api/server_up_down_check HTTP/1.1" 200 316
INFO 2023-07-22 17:05:38,049 Thread-1 (process_request_thread) 140239539533568 basehttp basehttp.py 212 django.server log_message 370986 "GET /cronjob/api/server_up_down_check HTTP/1.1" 200 329
INFO 2023-07-22 17:05:38,804 Thread-1 (process_request_thread) 140239539533568 basehttp basehttp.py 212 django.server log_message 370986 "GET /cronjob/api/server_up_down_check HTTP/1.1" 200 329
INFO 2023-07-22 17:05:39,461 Thread-1 (process_request_thread) 140239539533568 basehttp basehttp.py 212 django.server log_message 370986 "GET /cronjob/api/server_up_down_check HTTP/1.1" 200 328
INFO 2023-07-22 17:05:40,420 Thread-1 (process_request_thread) 140239539533568 basehttp basehttp.py 212 django.server log_message 370986 "GET /cronjob/api/server_up_down_check HTTP/1.1" 200 316
INFO 2023-07-22 17:27:10,204 MainThread 140240014075520 autoreload autoreload.py 266 django.utils.autoreload trigger_reload 370986 /var/www/html/serverHealthCheck/CheckupApp/models.py changed, reloading.
INFO 2023-07-22 17:27:10,914 MainThread 140313987257984 autoreload autoreload.py 668 django.utils.autoreload run_with_reloader 373096 Watching for file changes with StatReloader
INFO 2023-07-22 17:27:17,109 MainThread 140313987257984 autoreload autoreload.py 266 django.utils.autoreload trigger_reload 373096 /var/www/html/serverHealthCheck/CheckupApp/models.py changed, reloading.
INFO 2023-07-22 17:27:17,649 MainThread 140373482202752 autoreload autoreload.py 668 django.utils.autoreload run_with_reloader 373155 Watching for file changes with StatReloader
INFO 2023-07-22 17:27:19,825 MainThread 140373482202752 autoreload autoreload.py 266 django.utils.autoreload trigger_reload 373155 /var/www/html/serverHealthCheck/CheckupApp/models.py changed, reloading.
INFO 2023-07-22 17:27:20,391 MainThread 139746002024064 autoreload autoreload.py 668 django.utils.autoreload run_with_reloader 373169 Watching for file changes with StatReloader
INFO 2023-07-22 17:27:23,566 MainThread 139746002024064 autoreload autoreload.py 266 django.utils.autoreload trigger_reload 373169 /var/www/html/serverHealthCheck/CheckupApp/models.py changed, reloading.
INFO 2023-07-22 17:27:24,112 MainThread 139997492692608 autoreload autoreload.py 668 django.utils.autoreload run_with_reloader 373200 Watching for file changes with StatReloader
INFO 2023-07-22 17:27:26,263 MainThread 139997492692608 autoreload autoreload.py 266 django.utils.autoreload trigger_reload 373200 /var/www/html/serverHealthCheck/CheckupApp/models.py changed, reloading.
INFO 2023-07-22 17:27:26,844 MainThread 140143924774528 autoreload autoreload.py 668 django.utils.autoreload run_with_reloader 373212 Watching for file changes with StatReloader
INFO 2023-07-22 17:27:28,898 MainThread 140143924774528 autoreload autoreload.py 266 django.utils.autoreload trigger_reload 373212 /var/www/html/serverHealthCheck/CheckupApp/models.py changed, reloading.
INFO 2023-07-22 17:27:29,487 MainThread 140006701987456 autoreload autoreload.py 668 django.utils.autoreload run_with_reloader 373224 Watching for file changes with StatReloader
INFO 2023-07-22 17:28:22,859 MainThread 140006701987456 autoreload autoreload.py 266 django.utils.autoreload trigger_reload 373224 /var/www/html/serverHealthCheck/CheckupApp/models.py changed, reloading.
INFO 2023-07-22 17:28:23,382 MainThread 140485422401152 autoreload autoreload.py 668 django.utils.autoreload run_with_reloader 373349 Watching for file changes with StatReloader
INFO 2023-07-22 17:28:26,435 MainThread 140485422401152 autoreload autoreload.py 266 django.utils.autoreload trigger_reload 373349 /var/www/html/serverHealthCheck/CheckupApp/models.py changed, reloading.
INFO 2023-07-22 17:28:27,014 MainThread 140055719995008 autoreload autoreload.py 668 django.utils.autoreload run_with_reloader 373375 Watching for file changes with StatReloader
INFO 2023-07-22 17:28:30,180 MainThread 140055719995008 autoreload autoreload.py 266 django.utils.autoreload trigger_reload 373375 /var/www/html/serverHealthCheck/CheckupApp/models.py changed, reloading.
INFO 2023-07-22 17:28:30,759 MainThread 139690243450496 autoreload autoreload.py 668 django.utils.autoreload run_with_reloader 373404 Watching for file changes with StatReloader
INFO 2023-07-22 17:28:34,919 MainThread 139690243450496 autoreload autoreload.py 266 django.utils.autoreload trigger_reload 373404 /var/www/html/serverHealthCheck/CheckupApp/models.py changed, reloading.
INFO 2023-07-22 17:28:35,428 MainThread 140693309699712 autoreload autoreload.py 668 django.utils.autoreload run_with_reloader 373438 Watching for file changes with StatReloader
INFO 2023-07-22 17:29:25,778 MainThread 140693309699712 autoreload autoreload.py 266 django.utils.autoreload trigger_reload 373438 /var/www/html/serverHealthCheck/CheckupApp/models.py changed, reloading.
INFO 2023-07-22 17:29:26,313 MainThread 139832747529856 autoreload autoreload.py 668 django.utils.autoreload run_with_reloader 373534 Watching for file changes with StatReloader
INFO 2023-07-22 17:29:29,468 MainThread 139832747529856 autoreload autoreload.py 266 django.utils.autoreload trigger_reload 373534 /var/www/html/serverHealthCheck/CheckupApp/models.py changed, reloading.
INFO 2023-07-22 17:29:29,997 MainThread 140040273794688 autoreload autoreload.py 668 django.utils.autoreload run_with_reloader 373563 Watching for file changes with StatReloader
